<?xml version="1.0" encoding="UTF-8"?>
<!-- Generated by org.testng.reporters.JUnitReportReporter -->
<testsuite hostname="DESKTOP-TVL2B46" failures="0" tests="1" name="testcases.Home_Page_Test" time="9.543" errors="0" timestamp="27 Jul 2019 11:14:28 GMT" skipped="0">
  <testcase classname="testcases.Home_Page_Test" name="verifyclick" time="9.543"/>
</testsuite> <!-- testcases.Home_Page_Test -->
